<?xml version="1.0" encoding="UTF-8"?>
<!-- Generated by org.testng.reporters.JUnitReportReporter -->
<testsuite skipped="1" hostname="ARIFs-MBP.fios-router.home" name="com.qa.orangehrm.tests.LoginPageTest" tests="2" failures="0" timestamp="2020-11-06T21:28:51 EST" time="4.343" errors="0">
  <testcase name="loginTest" time="4.343" classname="com.qa.orangehrm.tests.LoginPageTest"/>
  <system-out/>
  <testcase name="login_InvalidTestCase" classname="com.qa.orangehrm.tests.LoginPageTest">
    <skipped/>
  </testcase> <!-- login_InvalidTestCase -->
  <system-out/>
</testsuite> <!-- com.qa.orangehrm.tests.LoginPageTest -->
