<?xml version="1.0" encoding="UTF-8"?>
<!-- Generated by org.testng.reporters.JUnitReportReporter -->
<testsuite skipped="0" hostname="ARIFs-MBP.fios-router.home" name="com.qa.orangehrm.tests.HomePageTest" tests="1" failures="0" timestamp="2020-11-06T21:28:51 EST" time="2.902" errors="0">
  <testcase name="verifyLoggedInUserAccount" time="2.902" classname="com.qa.orangehrm.tests.HomePageTest"/>
  <system-out/>
</testsuite> <!-- com.qa.orangehrm.tests.HomePageTest -->
